# Logfile created on 2014-04-24 09:20:23 -0700 by logger.rb/44203
I, [2014-04-24T09:20:23.996164 #8750]  INFO -- : 0:  rake (10.3.1) from /home/jet/.rvm/gems/ruby-2.1.0/specifications/rake-10.3.1.gemspec
I, [2014-04-24T09:20:23.997362 #8750]  INFO -- : 0:  i18n (0.6.9) from /home/jet/.rvm/gems/ruby-2.1.0/specifications/i18n-0.6.9.gemspec
I, [2014-04-24T09:20:24.135324 #8750]  INFO -- : 0:  minitest (4.7.5) from /home/jet/.rvm/gems/ruby-2.1.0/specifications/minitest-4.7.5.gemspec
I, [2014-04-24T09:20:24.415376 #8750]  INFO -- : 0:  multi_json (1.9.2) from /home/jet/.rvm/gems/ruby-2.1.0/specifications/multi_json-1.9.2.gemspec
I, [2014-04-24T09:20:25.339805 #8750]  INFO -- : 0:  thread_safe (0.3.3) from /home/jet/.rvm/gems/ruby-2.1.0/specifications/thread_safe-0.3.3.gemspec
I, [2014-04-24T09:20:26.768245 #8750]  INFO -- : 0:  tzinfo (0.3.39) from /home/jet/.rvm/gems/ruby-2.1.0/specifications/tzinfo-0.3.39.gemspec
I, [2014-04-24T09:20:27.332710 #8750]  INFO -- : 0:  activesupport (4.0.4) from /home/jet/.rvm/gems/ruby-2.1.0/specifications/activesupport-4.0.4.gemspec
I, [2014-04-24T09:20:27.333090 #8750]  INFO -- : 0:  builder (3.1.4) from /home/jet/.rvm/gems/ruby-2.1.0/specifications/builder-3.1.4.gemspec
I, [2014-04-24T09:20:27.333379 #8750]  INFO -- : 0:  erubis (2.7.0) from /home/jet/.rvm/gems/ruby-2.1.0/specifications/erubis-2.7.0.gemspec
I, [2014-04-24T09:20:27.333667 #8750]  INFO -- : 0:  rack (1.5.2) from /home/jet/.rvm/gems/ruby-2.1.0/specifications/rack-1.5.2.gemspec
I, [2014-04-24T09:20:27.333958 #8750]  INFO -- : 0:  rack-test (0.6.2) from /home/jet/.rvm/gems/ruby-2.1.0/specifications/rack-test-0.6.2.gemspec
I, [2014-04-24T09:20:28.099915 #8750]  INFO -- : 0:  actionpack (4.0.4) from /home/jet/.rvm/gems/ruby-2.1.0/specifications/actionpack-4.0.4.gemspec
I, [2014-04-24T09:20:28.100346 #8750]  INFO -- : 0:  mime-types (1.25.1) from /home/jet/.rvm/gems/ruby-2.1.0/specifications/mime-types-1.25.1.gemspec
I, [2014-04-24T09:20:28.554571 #8750]  INFO -- : 0:  polyglot (0.3.4) from /home/jet/.rvm/gems/ruby-2.1.0/specifications/polyglot-0.3.4.gemspec
I, [2014-04-24T09:20:28.554923 #8750]  INFO -- : 0:  treetop (1.4.15) from /home/jet/.rvm/gems/ruby-2.1.0/specifications/treetop-1.4.15.gemspec
I, [2014-04-24T09:20:28.555214 #8750]  INFO -- : 0:  mail (2.5.4) from /home/jet/.rvm/gems/ruby-2.1.0/specifications/mail-2.5.4.gemspec
I, [2014-04-24T09:20:28.806621 #8750]  INFO -- : 0:  actionmailer (4.0.4) from /home/jet/.rvm/gems/ruby-2.1.0/specifications/actionmailer-4.0.4.gemspec
I, [2014-04-24T09:20:29.142118 #8750]  INFO -- : 0:  activemodel (4.0.4) from /home/jet/.rvm/gems/ruby-2.1.0/specifications/activemodel-4.0.4.gemspec
I, [2014-04-24T09:20:29.142587 #8750]  INFO -- : 0:  activerecord-deprecated_finders (1.0.3) from /home/jet/.rvm/gems/ruby-2.1.0/specifications/activerecord-deprecated_finders-1.0.3.gemspec
I, [2014-04-24T09:20:29.464504 #8750]  INFO -- : 0:  arel (4.0.2) from /home/jet/.rvm/gems/ruby-2.1.0/specifications/arel-4.0.2.gemspec
I, [2014-04-24T09:20:30.036028 #8750]  INFO -- : 0:  activerecord (4.0.4) from /home/jet/.rvm/gems/ruby-2.1.0/specifications/activerecord-4.0.4.gemspec
I, [2014-04-24T09:20:30.036410 #8750]  INFO -- : 0:  ansi (1.4.3) from /home/jet/.rvm/gems/ruby-2.1.0/specifications/ansi-1.4.3.gemspec
I, [2014-04-24T09:20:30.036696 #8750]  INFO -- : 0:  bundler (1.5.0) from /home/jet/.rvm/gems/ruby-2.1.0@global/specifications/bundler-1.5.0.gemspec
I, [2014-04-24T09:20:30.036989 #8750]  INFO -- : 0:  timers (1.1.0) from /home/jet/.rvm/gems/ruby-2.1.0/specifications/timers-1.1.0.gemspec
I, [2014-04-24T09:20:30.037289 #8750]  INFO -- : 0:  celluloid (0.15.2) from /home/jet/.rvm/gems/ruby-2.1.0/specifications/celluloid-0.15.2.gemspec
I, [2014-04-24T09:20:35.219698 #8750]  INFO -- : 0:  nio4r (1.0.0) from /home/jet/.rvm/gems/ruby-2.1.0/specifications/nio4r-1.0.0.gemspec
I, [2014-04-24T09:20:35.556749 #8750]  INFO -- : 0:  celluloid-io (0.15.0) from /home/jet/.rvm/gems/ruby-2.1.0/specifications/celluloid-io-0.15.0.gemspec
I, [2014-04-24T09:20:35.557391 #8750]  INFO -- : 0:  coderay (1.1.0) from /home/jet/.rvm/gems/ruby-2.1.0/specifications/coderay-1.1.0.gemspec
I, [2014-04-24T09:20:35.557892 #8750]  INFO -- : 0:  diff-lcs (1.2.5) from /home/jet/.rvm/gems/ruby-2.1.0/specifications/diff-lcs-1.2.5.gemspec
I, [2014-04-24T09:20:35.558369 #8750]  INFO -- : 0:  ffi (1.9.3) from /home/jet/.rvm/gems/ruby-2.1.0/specifications/ffi-1.9.3.gemspec
I, [2014-04-24T09:20:35.558878 #8750]  INFO -- : 0:  formatador (0.2.4) from /home/jet/.rvm/gems/ruby-2.1.0/specifications/formatador-0.2.4.gemspec
I, [2014-04-24T09:20:35.559356 #8750]  INFO -- : 0:  rb-fsevent (0.9.4) from /home/jet/.rvm/gems/ruby-2.1.0/specifications/rb-fsevent-0.9.4.gemspec
I, [2014-04-24T09:20:35.559825 #8750]  INFO -- : 0:  rb-inotify (0.9.3) from /home/jet/.rvm/gems/ruby-2.1.0/specifications/rb-inotify-0.9.3.gemspec
I, [2014-04-24T09:20:35.867394 #8750]  INFO -- : 0:  listen (2.7.1) from /home/jet/.rvm/gems/ruby-2.1.0/specifications/listen-2.7.1.gemspec
I, [2014-04-24T09:20:36.127572 #8750]  INFO -- : 0:  lumberjack (1.0.5) from /home/jet/.rvm/gems/ruby-2.1.0/specifications/lumberjack-1.0.5.gemspec
I, [2014-04-24T09:20:36.127948 #8750]  INFO -- : 0:  method_source (0.8.2) from /home/jet/.rvm/gems/ruby-2.1.0/specifications/method_source-0.8.2.gemspec
I, [2014-04-24T09:20:36.368070 #8750]  INFO -- : 0:  slop (3.5.0) from /home/jet/.rvm/gems/ruby-2.1.0/specifications/slop-3.5.0.gemspec
I, [2014-04-24T09:20:36.368437 #8750]  INFO -- : 0:  pry (0.9.12.6) from /home/jet/.rvm/gems/ruby-2.1.0@global/specifications/pry-0.9.12.6.gemspec
I, [2014-04-24T09:20:36.688941 #8750]  INFO -- : 0:  thor (0.19.1) from /home/jet/.rvm/gems/ruby-2.1.0/specifications/thor-0.19.1.gemspec
I, [2014-04-24T09:20:37.133061 #8750]  INFO -- : 0:  guard (2.6.0) from /home/jet/.rvm/gems/ruby-2.1.0/specifications/guard-2.6.0.gemspec
I, [2014-04-24T09:20:37.133419 #8750]  INFO -- : 0:  guard-minitest (2.2.0) from /home/jet/.rvm/gems/ruby-2.1.0/specifications/guard-minitest-2.2.0.gemspec
I, [2014-04-24T09:20:38.188745 #8750]  INFO -- : 0:  rspec-core (2.14.8) from /home/jet/.rvm/gems/ruby-2.1.0/specifications/rspec-core-2.14.8.gemspec
I, [2014-04-24T09:20:38.520410 #8750]  INFO -- : 0:  rspec-expectations (2.14.5) from /home/jet/.rvm/gems/ruby-2.1.0/specifications/rspec-expectations-2.14.5.gemspec
I, [2014-04-24T09:20:38.844681 #8750]  INFO -- : 0:  rspec-mocks (2.14.6) from /home/jet/.rvm/gems/ruby-2.1.0/specifications/rspec-mocks-2.14.6.gemspec
I, [2014-04-24T09:20:38.845037 #8750]  INFO -- : 0:  rspec (2.14.1) from /home/jet/.rvm/gems/ruby-2.1.0/specifications/rspec-2.14.1.gemspec
I, [2014-04-24T09:20:39.391805 #8750]  INFO -- : 0:  guard-rspec (4.2.8) from /home/jet/.rvm/gems/ruby-2.1.0/specifications/guard-rspec-4.2.8.gemspec
I, [2014-04-24T09:20:39.392149 #8750]  INFO -- : 0:  hike (1.2.3) from /home/jet/.rvm/gems/ruby-2.1.0/specifications/hike-1.2.3.gemspec
I, [2014-04-24T09:20:39.647955 #8750]  INFO -- : 0:  minitest-test (1.1.0) from /home/jet/.rvm/gems/ruby-2.1.0/specifications/minitest-test-1.1.0.gemspec
I, [2014-04-24T09:20:40.040414 #8750]  INFO -- : 0:  railties (4.0.4) from /home/jet/.rvm/gems/ruby-2.1.0/specifications/railties-4.0.4.gemspec
I, [2014-04-24T09:20:40.345795 #8750]  INFO -- : 0:  minitest-rails (1.0.1) from /home/jet/.rvm/gems/ruby-2.1.0/specifications/minitest-rails-1.0.1.gemspec
I, [2014-04-24T09:20:40.346168 #8750]  INFO -- : 0:  tilt (1.4.1) from /home/jet/.rvm/gems/ruby-2.1.0/specifications/tilt-1.4.1.gemspec
I, [2014-04-24T09:20:40.647491 #8750]  INFO -- : 0:  sprockets (2.12.1) from /home/jet/.rvm/gems/ruby-2.1.0/specifications/sprockets-2.12.1.gemspec
I, [2014-04-24T09:20:40.648106 #8750]  INFO -- : 0:  sprockets-rails (2.0.1) from /home/jet/.rvm/gems/ruby-2.1.0/specifications/sprockets-rails-2.0.1.gemspec
I, [2014-04-24T09:20:42.932941 #8750]  INFO -- : 0:  rails (4.0.4) from /home/jet/.rvm/gems/ruby-2.1.0/specifications/rails-4.0.4.gemspec
I, [2014-04-24T09:20:42.933352 #8750]  INFO -- : 0:  minitest-spec-rails (4.7.6) from /home/jet/.rvm/gems/ruby-2.1.0/specifications/minitest-spec-rails-4.7.6.gemspec
I, [2014-04-24T09:20:43.518316 #8750]  INFO -- : 0:  turn (0.9.7) from /home/jet/.rvm/gems/ruby-2.1.0/specifications/turn-0.9.7.gemspec
